2024-12-15 18:04:58,567 - websocket - INFO - User 'a' connected
2024-12-15 18:04:58,568 - websocket - INFO - Broadcasting message from 'System': a has joined the chat...
2024-12-15 18:05:06,215 - websocket - INFO - User 'b' connected
2024-12-15 18:05:06,215 - websocket - INFO - Broadcasting message from 'System': b has joined the chat...
2024-12-15 18:05:10,695 - websocket - INFO - Broadcasting message from 'b': a...
2024-12-15 18:05:13,017 - websocket - INFO - Broadcasting message from 'a': d...
2024-12-15 18:05:15,475 - websocket - INFO - Broadcasting message from 'b': ddd...
2024-12-15 18:05:17,627 - websocket - INFO - Broadcasting message from 'a': sss...
2024-12-15 18:05:21,567 - websocket - INFO - Broadcasting message from 'b': hjhjhjhj...
2024-12-15 18:05:31,687 - websocket - INFO - User 'nfggfb' connected
2024-12-15 18:05:31,687 - websocket - INFO - Broadcasting message from 'System': nfggfb has joined the chat...
2024-12-15 18:05:34,763 - websocket - INFO - Broadcasting message from 'nfggfb': dsdsd...
2024-12-15 18:05:36,735 - websocket - INFO - Broadcasting message from 'b': asdsad...
2024-12-15 18:05:38,689 - websocket - INFO - Broadcasting message from 'a': asdasd...
2024-12-15 18:05:45,814 - websocket - INFO - Broadcasting message from 'b': xcxcx...
2024-12-15 18:05:48,691 - websocket - INFO - Broadcasting message from 'a': ccccc...
2024-12-15 18:05:50,765 - websocket - INFO - Broadcasting message from 'nfggfb': xxxxx...
2024-12-15 18:05:53,066 - websocket - INFO - Broadcasting message from 'a': ccccc...
2024-12-15 18:05:56,120 - websocket - INFO - Broadcasting message from 'b': xcxcxcxc...
2024-12-15 18:06:03,753 - websocket - INFO - User 'a' disconnected
2024-12-15 18:06:03,754 - websocket - INFO - Broadcasting message from 'System': a has left the chat...
2024-12-15 18:06:11,897 - websocket - INFO - User 'nfggfb' disconnected
2024-12-15 18:06:11,897 - websocket - INFO - Broadcasting message from 'System': nfggfb has left the chat...
2024-12-15 18:06:17,251 - websocket - INFO - User 'b' disconnected
2024-12-15 18:06:17,252 - websocket - INFO - Broadcasting message from 'System': b has left the chat...
2024-12-15 07:11:44,124 - websocket - INFO - User 'andy' connected
2024-12-15 07:11:44,126 - websocket - INFO - Broadcasting message from 'System': andy has joined the chat...
2024-12-15 07:12:06,654 - websocket - INFO - User 'jessie' connected
2024-12-15 07:12:06,655 - websocket - INFO - Broadcasting message from 'System': jessie has joined the chat...
2024-12-15 07:12:11,358 - websocket - INFO - Broadcasting message from 'andy': hi jessie...
2024-12-15 07:12:20,107 - websocket - INFO - Broadcasting message from 'jessie': hi andy, how are you?...
2024-12-15 07:12:48,064 - websocket - INFO - User 'dog' connected
2024-12-15 07:12:48,065 - websocket - INFO - Broadcasting message from 'System': dog has joined the chat...
2024-12-15 07:13:01,580 - websocket - INFO - Broadcasting message from 'dog': hi guys...
2024-12-15 07:13:10,373 - websocket - INFO - User 'dog' disconnected
2024-12-15 07:13:10,374 - websocket - INFO - Broadcasting message from 'System': dog has left the chat...
2024-12-15 07:13:41,115 - websocket - INFO - User 'jessie' disconnected
2024-12-15 07:13:41,116 - websocket - INFO - Broadcasting message from 'System': jessie has left the chat...
2024-12-15 07:13:41,117 - websocket - INFO - User 'andy' disconnected
2024-12-15 07:13:41,117 - websocket - INFO - Broadcasting message from 'System': andy has left the chat...
2024-12-15 07:13:41,129 - websocket - INFO - Broadcasting message from 'System': andy has left the chat...
